<?xml version="1.0" encoding="utf-8"?>
<TestRun id="67bb0ba6-801b-4794-a256-922a88dc120c" name="Admin@DESKTOP-45DPLRD 2026-09-17 14:15:42" runUser="DESKTOP-45DPLRD\Admin" xmlns="http://microsoft.com/schemas/VisualStudio/TeamTest/2010">
  <Times creation="2026-09-17T14:15:42.7130382-06:00" queuing="2026-09-17T14:15:42.7130385-06:00" start="2026-09-17T14:15:42.3716049-06:00" finish="2026-09-17T14:15:42.7138175-06:00" />
  <TestSettings name="default" id="66987adc-b99c-494f-b230-b12c7c4db1bf">
    <Deployment runDeploymentRoot="Admin_DESKTOP-45DPLRD_2026-09-17_14_15_42" />
  </TestSettings>
  <TestLists>
    <TestList name="Resultados sin formato de lista" id="8c84fa94-04c1-424b-9868-57a2d4851a1d" />
    <TestList name="Todos los resultados cargados" id="19431567-8539-422a-85d7-44ee4e166bda" />
  </TestLists>
  <ResultSummary outcome="Failed">
    <Counters total="0" executed="0" passed="0" failed="0" error="0" timeout="0" aborted="0" inconclusive="0" passedButRunAborted="0" notRunnable="0" notExecuted="0" disconnected="0" warning="0" completed="0" inProgress="0" pending="0" />
    <Output>
      <StdOut>Error:&#xD;
  An assembly specified in the application dependencies manifest (AtlasGT.UnitTests.deps.json) was not found:&#xD;
    package: 'xunit.abstractions', version: '2.0.3'&#xD;
    path: 'lib/netstandard2.0/xunit.abstractions.dll'&#xD;
</StdOut>
    </Output>
    <RunInfos>
      <RunInfo computerName="DESKTOP-45DPLRD" outcome="Error" timestamp="2026-09-17T14:15:42.6529950-06:00">
        <Text>El proceso del host de prueba para fuentes "C:\Users\Admin\source\repos\AtlasGT\tests\AtlasGT.UnitTests\bin\Debug\net8.0\AtlasGT.UnitTests.dll" finalizó con el siguiente error: Error:&#xD;
  An assembly specified in the application dependencies manifest (AtlasGT.UnitTests.deps.json) was not found:&#xD;
    package: 'xunit.abstractions', version: '2.0.3'&#xD;
    path: 'lib/netstandard2.0/xunit.abstractions.dll'&#xD;
. Consulte los registros de diagnóstico para obtener más información.</Text>
      </RunInfo>
    </RunInfos>
  </ResultSummary>
</TestRun>